0 verbose cli /usr/bin/node /usr/bin/npm
1 info using npm@10.8.2
2 info using node@v20.20.1
3 silly config load:file:/usr/lib/node_modules/npm/npmrc
4 silly config load:file:/opt/rattin/.npmrc
5 silly config load:file:/usr/etc/npmrc
6 verbose title npm run build
7 verbose argv "run" "build"
8 verbose logfile logs-max:10 dir:/opt/rattin/.npm/_logs/2026-03-21T08_26_12_941Z-
9 verbose logfile /opt/rattin/.npm/_logs/2026-03-21T08_26_12_941Z-debug-0.log
10 silly logfile done cleaning log files
11 http fetch GET 200 https://registry.npmjs.org/npm 224ms
12 verbose cwd /opt/rattin
13 verbose os Linux 6.8.0-63-generic
14 verbose node v20.20.1
15 verbose npm  v10.8.2
16 notice
16 notice New [31mmajor[39m version of npm available! [31m10.8.2[39m -> [34m11.12.0[39m
16 notice Changelog: [34mhttps://github.com/npm/cli/releases/tag/v11.12.0[39m
16 notice To update run: [4mnpm install -g npm@11.12.0[24m
16 notice  { force: true, [Symbol(proc-log.meta)]: true }
17 verbose exit 0
18 info ok
